<?xml version="1.0" encoding="UTF-8"?>
<!-- Generated by org.testng.reporters.JUnitXMLReporter -->
<testsuite ignored="0" hostname="LAPTOP-BVBQF6TN" failures="2" tests="5" name="Test" time="60.989" errors="0" timestamp="2024-01-16T19:57:10 IST">
  <testcase classname="com.inetbanking.testcases.TC_LoginDDT_002" name="LoginDDT" time="12.761"/>
  <testcase classname="com.inetbanking.testcases.TC_LoginDDT_002" name="LoginDDT" time="6.724">
    <failure type="java.lang.AssertionError" message="expected [true] but found [false]">
      <![CDATA[java.lang.AssertionError: expected [true] but found [false]
at com.inetbanking.testcases.TC_LoginDDT_002.LoginDDT(TC_LoginDDT_002.java:25)
at java.base/java.util.ArrayList.forEach(ArrayList.java:1511)
... Removed 31 stack frames]]>
    </failure>
  </testcase> <!-- LoginDDT -->
  <testcase classname="com.inetbanking.testcases.TC_LoginDDT_002" name="LoginDDT" time="14.539"/>
  <testcase classname="com.inetbanking.testcases.TC_LoginDDT_002" name="LoginDDT" time="5.362">
    <failure type="java.lang.AssertionError" message="expected [true] but found [false]">
      <![CDATA[java.lang.AssertionError: expected [true] but found [false]
at com.inetbanking.testcases.TC_LoginDDT_002.LoginDDT(TC_LoginDDT_002.java:25)
at java.base/java.util.ArrayList.forEach(ArrayList.java:1511)
... Removed 31 stack frames]]>
    </failure>
  </testcase> <!-- LoginDDT -->
  <testcase classname="com.inetbanking.testcases.TC_LoginDDT_002" name="LoginDDT" time="10.484"/>
</testsuite> <!-- Test -->
