<?xml version="1.0" encoding="UTF-8"?>
<!-- Generated by org.testng.reporters.JUnitXMLReporter -->
<testsuite ignored="0" hostname="LAPTOP-BVBQF6TN" failures="2" tests="5" name="Test" time="60.069" errors="0" timestamp="2024-01-16T20:53:30 IST">
  <testcase classname="com.inetbanking.testcases.TC_LoginDDT_002" name="LoginDDT" time="16.072"/>
  <testcase classname="com.inetbanking.testcases.TC_LoginDDT_002" name="LoginDDT" time="6.265">
    <failure type="java.lang.AssertionError" message="expected [true] but found [false]">
      <![CDATA[java.lang.AssertionError: expected [true] but found [false]
at com.inetbanking.testcases.TC_LoginDDT_002.LoginDDT(TC_LoginDDT_002.java:25)
at java.base/java.util.ArrayList.forEach(ArrayList.java:1511)
... Removed 35 stack frames]]>
    </failure>
  </testcase> <!-- LoginDDT -->
  <testcase classname="com.inetbanking.testcases.TC_LoginDDT_002" name="LoginDDT" time="10.495"/>
  <testcase classname="com.inetbanking.testcases.TC_LoginDDT_002" name="LoginDDT" time="5.525">
    <failure type="java.lang.AssertionError" message="expected [true] but found [false]">
      <![CDATA[java.lang.AssertionError: expected [true] but found [false]
at com.inetbanking.testcases.TC_LoginDDT_002.LoginDDT(TC_LoginDDT_002.java:25)
at java.base/java.util.ArrayList.forEach(ArrayList.java:1511)
... Removed 35 stack frames]]>
    </failure>
  </testcase> <!-- LoginDDT -->
  <testcase classname="com.inetbanking.testcases.TC_LoginDDT_002" name="LoginDDT" time="10.746"/>
</testsuite> <!-- Test -->
